Address: 0   ID: and             Type: KEYWORD    Attr:(null)
Address: 1   ID: if              Type: KEYWORD    Attr:(null)
Address: 2   ID: begin           Type: KEYWORD    Attr:(null)
Address: 3   ID: forward         Type: KEYWORD    Attr:(null)
Address: 4   ID: div             Type: KEYWORD    Attr:(null)
Address: 5   ID: do              Type: KEYWORD    Attr:(null)
Address: 6   ID: else            Type: KEYWORD    Attr:(null)
Address: 7   ID: end             Type: KEYWORD    Attr:(null)
Address: 8   ID: for             Type: KEYWORD    Attr:(null)
Address: 9   ID: function        Type: KEYWORD    Attr:(null)
Address: 10  ID: array           Type: KEYWORD    Attr:(null)
Address: 11  ID: mod             Type: KEYWORD    Attr:(null)
Address: 12  ID: not             Type: KEYWORD    Attr:(null)
Address: 13  ID: of              Type: KEYWORD    Attr:(null)
Address: 14  ID: or              Type: KEYWORD    Attr:(null)
Address: 15  ID: procedure       Type: KEYWORD    Attr:(null)
Address: 16  ID: program         Type: KEYWORD    Attr:(null)
Address: 17  ID: record          Type: KEYWORD    Attr:(null)
Address: 18  ID: then            Type: KEYWORD    Attr:(null)
Address: 19  ID: to              Type: KEYWORD    Attr:(null)
Address: 20  ID: type            Type: KEYWORD    Attr:(null)
Address: 21  ID: var             Type: KEYWORD    Attr:(null)
Address: 22  ID: while           Type: KEYWORD    Attr:(null)
Address: 23  ID: errorfree       Type: (null)     Attr:(null)
Address: 24  ID: r               Type: record     Attr:(null)
Address: 25  ID: a               Type: integer    Attr:(null)
Address: 26  ID: b               Type: integer    Attr:(null)
Address: 27  ID: integer         Type: (null)     Attr:(null)
Address: 28  ID: c               Type: string     Attr:(null)
Address: 29  ID: string          Type: (null)     Attr:(null)
Address: 30  ID: y               Type: array      Attr:(null)
Address: 31  ID: s               Type: string     Attr:(null)
Address: 32  ID: z               Type: s          Attr:(null)
Address: 33  ID: foo1            Type: 1          Attr:(null)
Address: 34  ID: foo2            Type: 2          Attr:(null)
Address: 35  ID: bar             Type: (null)     Attr:(null)
Address: 36  ID: foo3            Type: 2          Attr:(null)
